<?xml version="1.0" encoding="UTF-8"?>
<testng-results ignored="0" total="3" passed="3" failed="0" skipped="0">
  <reporter-output>
  </reporter-output>
  <suite started-at="2023-07-18T11:22:48 IST" name="Default suite" finished-at="2023-07-18T11:23:52 IST" duration-ms="64164">
    <groups>
    </groups>
    <test started-at="2023-07-18T11:22:48 IST" name="Default test" finished-at="2023-07-18T11:23:52 IST" duration-ms="64164">
      <class name="com.qa.opencart.tests.RegistrationPageTest">
        <test-method is-config="true" signature="setup()[pri:0, instance:com.qa.opencart.tests.RegistrationPageTest@44cb460e]" started-at="2023-07-18T11:22:48 IST" name="setup" finished-at="2023-07-18T11:23:04 IST" duration-ms="16540" status="PASS">
          <reporter-output>
          </reporter-output>
        </test-method> <!-- setup -->
        <test-method is-config="true" signature="regPageSetUp()[pri:0, instance:com.qa.opencart.tests.RegistrationPageTest@44cb460e]" started-at="2023-07-18T11:23:04 IST" name="regPageSetUp" finished-at="2023-07-18T11:23:08 IST" duration-ms="3142" status="PASS">
          <reporter-output>
          </reporter-output>
        </test-method> <!-- regPageSetUp -->
        <test-method signature="userRegTest(java.lang.String,java.lang.String,java.lang.String,java.lang.String,java.lang.String)[pri:0, instance:com.qa.opencart.tests.RegistrationPageTest@44cb460e]" started-at="2023-07-18T11:23:10 IST" name="userRegTest" data-provider="getRegTestData" finished-at="2023-07-18T11:23:26 IST" duration-ms="16624" status="PASS">
          <params>
            <param index="0">
              <value>
                <![CDATA[rohit]]>
              </value>
            </param>
            <param index="1">
              <value>
                <![CDATA[sharma]]>
              </value>
            </param>
            <param index="2">
              <value>
                <![CDATA[99887665544]]>
              </value>
            </param>
            <param index="3">
              <value>
                <![CDATA[rohit@1234]]>
              </value>
            </param>
            <param index="4">
              <value>
                <![CDATA[yes]]>
              </value>
            </param>
          </params>
          <reporter-output>
          </reporter-output>
        </test-method> <!-- userRegTest -->
        <test-method signature="userRegTest(java.lang.String,java.lang.String,java.lang.String,java.lang.String,java.lang.String)[pri:0, instance:com.qa.opencart.tests.RegistrationPageTest@44cb460e]" started-at="2023-07-18T11:23:27 IST" name="userRegTest" data-provider="getRegTestData" finished-at="2023-07-18T11:23:39 IST" duration-ms="12076" status="PASS">
          <params>
            <param index="0">
              <value>
                <![CDATA[virat]]>
              </value>
            </param>
            <param index="1">
              <value>
                <![CDATA[kohli]]>
              </value>
            </param>
            <param index="2">
              <value>
                <![CDATA[9911771177]]>
              </value>
            </param>
            <param index="3">
              <value>
                <![CDATA[virat@18]]>
              </value>
            </param>
            <param index="4">
              <value>
                <![CDATA[no]]>
              </value>
            </param>
          </params>
          <reporter-output>
          </reporter-output>
        </test-method> <!-- userRegTest -->
        <test-method signature="userRegTest(java.lang.String,java.lang.String,java.lang.String,java.lang.String,java.lang.String)[pri:0, instance:com.qa.opencart.tests.RegistrationPageTest@44cb460e]" started-at="2023-07-18T11:23:39 IST" name="userRegTest" data-provider="getRegTestData" finished-at="2023-07-18T11:23:52 IST" duration-ms="12359" status="PASS">
          <params>
            <param index="0">
              <value>
                <![CDATA[ravindra]]>
              </value>
            </param>
            <param index="1">
              <value>
                <![CDATA[jadeja]]>
              </value>
            </param>
            <param index="2">
              <value>
                <![CDATA[9988888888]]>
              </value>
            </param>
            <param index="3">
              <value>
                <![CDATA[jaddu@88]]>
              </value>
            </param>
            <param index="4">
              <value>
                <![CDATA[yes]]>
              </value>
            </param>
          </params>
          <reporter-output>
          </reporter-output>
        </test-method> <!-- userRegTest -->
        <test-method is-config="true" signature="tearDown()[pri:0, instance:com.qa.opencart.tests.RegistrationPageTest@44cb460e]" started-at="2023-07-18T11:23:52 IST" name="tearDown" finished-at="2023-07-18T11:23:52 IST" duration-ms="506" status="PASS">
          <reporter-output>
          </reporter-output>
        </test-method> <!-- tearDown -->
      </class> <!-- com.qa.opencart.tests.RegistrationPageTest -->
    </test> <!-- Default test -->
  </suite> <!-- Default suite -->
</testng-results>
